Removing EventLog source Epic Attachment Service.
Service Epic Attachment Service is being removed from the system...
Service Epic Attachment Service was successfully removed from the system.
Removing EventLog source Outlook Restart Service.
Service Outlook Restart Service is being removed from the system...
Service Outlook Restart Service was successfully removed from the system.
Removing EventLog source Epic Attachment Service.
Service Epic Attachment Service is being removed from the system...
Service Epic Attachment Service was successfully removed from the system.
Removing EventLog source Outlook Restart Service.
Service Outlook Restart Service is being removed from the system...
Service Outlook Restart Service was successfully removed from the system.
Removing EventLog source Epic Attachment Service.
Service Epic Attachment Service is being removed from the system...
Service Epic Attachment Service was successfully removed from the system.
Removing EventLog source Outlook Restart Service.
Service Outlook Restart Service is being removed from the system...
Service Outlook Restart Service was successfully removed from the system.
Removing EventLog source Epic Attachment Service.
Service Epic Attachment Service is being removed from the system...
Service Epic Attachment Service was successfully removed from the system.
Removing EventLog source Outlook Restart Service.
Service Outlook Restart Service is being removed from the system...
Service Outlook Restart Service was successfully removed from the system.
